<?xml version="1.0" encoding="UTF-8"?>
<!-- Generated by org.testng.reporters.JUnitReportReporter -->
<testsuite skipped="0" hostname="MehediAziz" name="com.crm.qa.testcases.LoginPageTest" tests="3" failures="0" timestamp="28 Mar 2018 11:22:41 GMT" time="44.230" errors="0">
  <testcase name="crmLogoImageTest" time="15.000" classname="com.crm.qa.testcases.LoginPageTest"/>
  <testcase name="loginTest" time="16.699" classname="com.crm.qa.testcases.LoginPageTest"/>
  <testcase name="loginPageTitleTest" time="12.531" classname="com.crm.qa.testcases.LoginPageTest"/>
</testsuite> <!-- com.crm.qa.testcases.LoginPageTest -->
